INFO:root:Product Name: MANOGYAM Pack of 2 Mushroom Night Light | LED Night Lamp | Night Bulb | 7 Color Changing Mode | Automatic Sensor | Ideal Nightlight for Bedroom, Bathroom, Nursery, Kitchen, Kid's Room (2PC)
INFO:root:Price: \u20b9255
INFO:root:Rating: 4.4 out of 5 stars
INFO:root:URL: https://www.amazon.in/sspa/click
INFO:root:Product Name: Homnooks Balance lamp with USB Rechargeable Mini Levitation Balance, Magnetic Mid-air Switch, Bedside Night Light Touch Control LED Lamp, Contemporary Soft Light, for Office & Home Use (Mystic Black)
INFO:root:Price: \u20b91,999
INFO:root:Rating: 4.2 out of 5 stars
INFO:root:URL: https://www.amazon.in/sspa/click
INFO:root:Product Name: VRPRIME 3pc Night Lamp Sensor Light for Bedroom Bed Side Home | Smart Automatic ONOFF Dim LED Lights | Energy Saving 0.5W Lamp | Long Life for Hallway, Stairs, Kitchen, Bathroom (White) (Pack of 3)
INFO:root:Price: \u20b9499
INFO:root:Rating: 4.3 out of 5 stars
INFO:root:URL: https://www.amazon.in/sspa/click
INFO:root:Product Name: QONETIC Night Light Lamp Projector, Star Light Rotating Projector with Colors and 360 Degree Moon Star Projection with USB Cable,Lamp for Kids Room (New)
INFO:root:Price: \u20b9499
INFO:root:Rating: 4.4 out of 5 stars
INFO:root:URL: https://www.amazon.in/sspa/click
INFO:root:Product Name: Hoard 0.5W Led Plug in Smart Night Lamp with Automatic Sensor Smart Led Night Lamp -(Warm White) Pack of 1(Polycarbonate)
INFO:root:Price: \u20b9283
INFO:root:Rating: 4.1 out of 5 stars
INFO:root:URL: https://www.amazon.in/Hoard-Sense-Light-Automatic-Sensor/dp/B08YWZ62QZ/ref=sr_1_5
INFO:root:Product Name: TARAM Night Lamp | Night Light | Energy Saving LED Lamp Nightlight for Children Kids Bedroom - Pack of 1 (Warm White)
INFO:root:Price: \u20b9251
INFO:root:Rating: 4.4 out of 5 stars
INFO:root:URL: https://www.amazon.in/Energy-Saving-Nightlight-Children-Bedroom/dp/B09XK56LH1/ref=sr_1_6
INFO:root:Product Name: GM 3031 0.5 Watt Xoom LED Night Lamp, Orange and White,Pack of 1
INFO:root:Price: \u20b9100
INFO:root:Rating: 4.2 out of 5 stars
INFO:root:URL: https://www.amazon.in/GM-3031-0-5-Watt-Night-Orange/dp/B07JJWKFM7/ref=sr_1_7
